*** BCVTB client log file.
*************************.
Writing to socket at time = 6.000000e+01
Assembling buffer.
Write to socket with fd = 180
Buffer        = 2 0 17 0 0 6.000000000000000e+01 2.497500000000000e+01 2.400021172423926e+01 2.399991664623647e+01 2.399993029044591e+01 2.400014348948186e+01 2.400006205288541e+01 2.400000274441147e+01 2.399990345692441e+01 2.399994605164617e+01 2.399971498428790e+01 2.399999697437331e+01 2.399997458346420e+01 2.399994159191019e+01 2.399997445456546e+01 2.399997705348641e+01 2.399999634186236e+01 2.399999269463097e+01 

Wrote 408 characters to socket.
Reading from socket.
In readbufferfromsocket: Read -1 chars, maximum is 22458.
Error reading: WSAGetLastError = 10054
Finished exchanging data with socket: simTimRea=0.000000e+00, flag=-1.
Assembling buffer.
Write to socket with fd = 180
Buffer        = 2 -20 

Error writing to socket: Return value = -1.
Error writing to socket: WSAGetLastError = 10054
sendclientmessage wrote flag -20, return value = -1.
Assembling buffer.
Write to socket with fd = 180
Buffer        = 2 -1 

Error writing to socket: Return value = -1.
Error writing to socket: WSAGetLastError = 10054
sendclientmessage wrote flag -1, return value = -1.
